<?xml version="1.0" encoding="UTF-8"?>
<!-- Generated by org.testng.reporters.JUnitReportReporter -->
<testsuite hostname="ASDLAPKCH0361" failures="0" tests="1" name="com.lambda.LambdatestAutomation.Assignment" time="8.808" errors="1" timestamp="2023-07-26T14:40:50 IST" skipped="0">
  <testcase classname="com.lambda.LambdatestAutomation.Assignment" name="lambdaTest" time="8.808">
    <error message="element click intercepted: Element &lt;a href=&quot;https://www.lambdatest.com/integrations&quot; class=&quot;uppercase font-bold text-black text-size-16 tracking-widest inline-block hover:underline&quot;&gt;...&lt;/a&gt; is not clickable at point (943, 12). Other element would receive the click: &lt;div class=&quot;w-7/12 desktop:w-full header__menu__items&quot;&gt;...&lt;/div&gt;
  (Session info: chrome=114.0.5735.16)
Build info: version: &#039;4.10.0&#039;, revision: &#039;c14d967899&#039;
System info: os.name: &#039;Windows 10&#039;, os.arch: &#039;amd64&#039;, os.version: &#039;10.0&#039;, java.version: &#039;17.0.6&#039;
Driver info: org.openqa.selenium.remote.RemoteWebDriver
Command: [LHBEK-GTIDQ-K8SBP-WMHNK, clickElement {id=59AEC73CC0B120902880A94A2BE3B859_element_44}]
Capabilities {acceptInsecureCerts: true, browserName: chrome, browserVersion: 114.0, chrome: {chromedriverVersion: 114.0, userDataDir: &quot;C:\\Windows\\proxy\\scoped...}, goog:chromeOptions: {debuggerAddress: }, networkConnectionEnabled: false, pageLoadStrategy: normal, platformName: Windows 10, proxy: Proxy(), se:bidiEnabled: false, setWindowRect: true, strictFileInteractability: false, timeouts: {implicit: 0, pageLoad: 300000, script: 30000}, unhandledPromptBehavior: dismiss and notify, webauthn:extension:credBlob: true, webauthn:extension:largeBlob: true, webauthn:virtualAuthenticators: true, webdriver.remote.sessionid: LHBEK-GTIDQ-K8SBP-WMHNK}
Element: [[RemoteWebDriver: chrome on Windows 10 (LHBEK-GTIDQ-K8SBP-WMHNK)] -&gt; css selector: a[class=&#039;uppercase font-bold text-black text-size-16 tracking-widest inline-block hover:underline&#039;]]
Session ID: LHBEK-GTIDQ-K8SBP-WMHNK" type="org.openqa.selenium.ElementClickInterceptedException">
      <![CDATA[org.openqa.selenium.ElementClickInterceptedException: element click intercepted: Element <a href="https://www.lambdatest.com/integrations" class="uppercase font-bold text-black text-size-16 tracking-widest inline-block hover:underline">...</a> is not clickable at point (943, 12). Other element would receive the click: <div class="w-7/12 desktop:w-full header__menu__items">...</div>
  (Session info: chrome=114.0.5735.16)
Build info: version: '4.10.0', revision: 'c14d967899'
System info: os.name: 'Windows 10', os.arch: 'amd64', os.version: '10.0', java.version: '17.0.6'
Driver info: org.openqa.selenium.remote.RemoteWebDriver
Command: [LHBEK-GTIDQ-K8SBP-WMHNK, clickElement {id=59AEC73CC0B120902880A94A2BE3B859_element_44}]
Capabilities {acceptInsecureCerts: true, browserName: chrome, browserVersion: 114.0, chrome: {chromedriverVersion: 114.0, userDataDir: "C:\\Windows\\proxy\\scoped...}, goog:chromeOptions: {debuggerAddress: }, networkConnectionEnabled: false, pageLoadStrategy: normal, platformName: Windows 10, proxy: Proxy(), se:bidiEnabled: false, setWindowRect: true, strictFileInteractability: false, timeouts: {implicit: 0, pageLoad: 300000, script: 30000}, unhandledPromptBehavior: dismiss and notify, webauthn:extension:credBlob: true, webauthn:extension:largeBlob: true, webauthn:virtualAuthenticators: true, webdriver.remote.sessionid: LHBEK-GTIDQ-K8SBP-WMHNK}
Element: [[RemoteWebDriver: chrome on Windows 10 (LHBEK-GTIDQ-K8SBP-WMHNK)] -> css selector: a[class='uppercase font-bold text-black text-size-16 tracking-widest inline-block hover:underline']]
Session ID: LHBEK-GTIDQ-K8SBP-WMHNK
at java.base/jdk.internal.reflect.NativeConstructorAccessorImpl.newInstance0(Native Method)
at java.base/jdk.internal.reflect.NativeConstructorAccessorImpl.newInstance(NativeConstructorAccessorImpl.java:77)
at java.base/jdk.internal.reflect.DelegatingConstructorAccessorImpl.newInstance(DelegatingConstructorAccessorImpl.java:45)
at java.base/java.lang.reflect.Constructor.newInstanceWithCaller(Constructor.java:499)
at java.base/java.lang.reflect.Constructor.newInstance(Constructor.java:480)
at org.openqa.selenium.remote.codec.w3c.W3CHttpResponseCodec.createException(W3CHttpResponseCodec.java:199)
at org.openqa.selenium.remote.codec.w3c.W3CHttpResponseCodec.decode(W3CHttpResponseCodec.java:132)
at org.openqa.selenium.remote.codec.w3c.W3CHttpResponseCodec.decode(W3CHttpResponseCodec.java:51)
at org.openqa.selenium.remote.HttpCommandExecutor.execute(HttpCommandExecutor.java:191)
at org.openqa.selenium.remote.TracedCommandExecutor.execute(TracedCommandExecutor.java:51)
at org.openqa.selenium.remote.RemoteWebDriver.execute(RemoteWebDriver.java:531)
at org.openqa.selenium.remote.RemoteWebElement.execute(RemoteWebElement.java:242)
at org.openqa.selenium.remote.RemoteWebElement.click(RemoteWebElement.java:77)
at com.lambda.LambdatestAutomation.Assignment.lambdaTest(Assignment.java:57)
at java.base/jdk.internal.reflect.NativeMethodAccessorImpl.invoke0(Native Method)
at java.base/jdk.internal.reflect.NativeMethodAccessorImpl.invoke(NativeMethodAccessorImpl.java:77)
at java.base/jdk.internal.reflect.DelegatingMethodAccessorImpl.invoke(DelegatingMethodAccessorImpl.java:43)
at java.base/java.lang.reflect.Method.invoke(Method.java:568)
at org.testng.internal.MethodInvocationHelper.invokeMethod(MethodInvocationHelper.java:133)
at org.testng.internal.TestInvoker.invokeMethod(TestInvoker.java:598)
at org.testng.internal.TestInvoker.invokeTestMethod(TestInvoker.java:173)
at org.testng.internal.MethodRunner.runInSequence(MethodRunner.java:46)
at org.testng.internal.TestInvoker$MethodInvocationAgent.invoke(TestInvoker.java:824)
at org.testng.internal.TestInvoker.invokeTestMethods(TestInvoker.java:146)
at org.testng.internal.TestMethodWorker.invokeTestMethods(TestMethodWorker.java:146)
at org.testng.internal.TestMethodWorker.run(TestMethodWorker.java:128)
at java.base/java.util.ArrayList.forEach(ArrayList.java:1511)
at org.testng.TestRunner.privateRun(TestRunner.java:794)
at org.testng.TestRunner.run(TestRunner.java:596)
at org.testng.SuiteRunner.runTest(SuiteRunner.java:377)
at org.testng.SuiteRunner.runSequentially(SuiteRunner.java:371)
at org.testng.SuiteRunner.privateRun(SuiteRunner.java:332)
at org.testng.SuiteRunner.run(SuiteRunner.java:276)
at org.testng.SuiteRunnerWorker.runSuite(SuiteRunnerWorker.java:53)
at org.testng.SuiteRunnerWorker.run(SuiteRunnerWorker.java:96)
at org.testng.TestNG.runSuitesSequentially(TestNG.java:1212)
at org.testng.TestNG.runSuitesLocally(TestNG.java:1134)
at org.testng.TestNG.runSuites(TestNG.java:1063)
at org.testng.TestNG.run(TestNG.java:1031)
at org.testng.remote.AbstractRemoteTestNG.run(AbstractRemoteTestNG.java:115)
at org.testng.remote.RemoteTestNG.initAndRun(RemoteTestNG.java:251)
at org.testng.remote.RemoteTestNG.main(RemoteTestNG.java:77)
]]>
    </error>
  </testcase> <!-- lambdaTest -->
  <system-out/>
</testsuite> <!-- com.lambda.LambdatestAutomation.Assignment -->
